{"/Users/gabriel/Documents/code/mtec-QTS/model/Conta.js": {"path":"/Users/gabriel/Documents/code/mtec-QTS/model/Conta.js","statementMap":{"0":{"start":{"line":3,"column":20},"end":{"line":3,"column":44}},"1":{"start":{"line":6,"column":20},"end":{"line":6,"column":22}},"2":{"start":{"line":8,"column":8},"end":{"line":8,"column":26}},"3":{"start":{"line":9,"column":8},"end":{"line":9,"column":26}},"4":{"start":{"line":10,"column":8},"end":{"line":10,"column":30}},"5":{"start":{"line":11,"column":8},"end":{"line":11,"column":40}},"6":{"start":{"line":12,"column":8},"end":{"line":12,"column":30}},"7":{"start":{"line":13,"column":8},"end":{"line":13,"column":31}},"8":{"start":{"line":17,"column":21},"end":{"line":17,"column":33}},"9":{"start":{"line":19,"column":27},"end":{"line":19,"column":31}},"10":{"start":{"line":20,"column":8},"end":{"line":24,"column":10}},"11":{"start":{"line":21,"column":12},"end":{"line":23,"column":13}},"12":{"start":{"line":22,"column":16},"end":{"line":22,"column":36}},"13":{"start":{"line":26,"column":8},"end":{"line":30,"column":9}},"14":{"start":{"line":27,"column":12},"end":{"line":27,"column":54}},"15":{"start":{"line":29,"column":12},"end":{"line":29,"column":47}},"16":{"start":{"line":34,"column":8},"end":{"line":38,"column":9}},"17":{"start":{"line":35,"column":12},"end":{"line":35,"column":39}},"18":{"start":{"line":37,"column":12},"end":{"line":37,"column":43}},"19":{"start":{"line":42,"column":8},"end":{"line":51,"column":9}},"20":{"start":{"line":43,"column":12},"end":{"line":48,"column":13}},"21":{"start":{"line":44,"column":16},"end":{"line":44,"column":47}},"22":{"start":{"line":45,"column":16},"end":{"line":45,"column":107}},"23":{"start":{"line":47,"column":16},"end":{"line":47,"column":73}},"24":{"start":{"line":50,"column":12},"end":{"line":50,"column":43}},"25":{"start":{"line":55,"column":8},"end":{"line":60,"column":9}},"26":{"start":{"line":56,"column":12},"end":{"line":56,"column":43}},"27":{"start":{"line":57,"column":12},"end":{"line":57,"column":109}},"28":{"start":{"line":59,"column":12},"end":{"line":59,"column":46}},"29":{"start":{"line":65,"column":19},"end":{"line":65,"column":86}},"30":{"start":{"line":66,"column":26},"end":{"line":66,"column":36}},"31":{"start":{"line":68,"column":8},"end":{"line":70,"column":9}},"32":{"start":{"line":69,"column":12},"end":{"line":69,"column":58}},"33":{"start":{"line":73,"column":20},"end":{"line":73,"column":84}},"34":{"start":{"line":74,"column":27},"end":{"line":74,"column":38}},"35":{"start":{"line":75,"column":8},"end":{"line":77,"column":9}},"36":{"start":{"line":76,"column":12},"end":{"line":76,"column":59}},"37":{"start":{"line":79,"column":20},"end":{"line":79,"column":45}},"38":{"start":{"line":81,"column":8},"end":{"line":86,"column":9}},"39":{"start":{"line":82,"column":12},"end":{"line":82,"column":42}},"40":{"start":{"line":83,"column":12},"end":{"line":83,"column":59}},"41":{"start":{"line":85,"column":12},"end":{"line":85,"column":63}},"42":{"start":{"line":90,"column":8},"end":{"line":95,"column":9}},"43":{"start":{"line":91,"column":12},"end":{"line":91,"column":40}},"44":{"start":{"line":92,"column":12},"end":{"line":92,"column":57}},"45":{"start":{"line":94,"column":12},"end":{"line":94,"column":52}},"46":{"start":{"line":99,"column":8},"end":{"line":99,"column":32}},"47":{"start":{"line":100,"column":24},"end":{"line":100,"column":41}},"48":{"start":{"line":101,"column":8},"end":{"line":101,"column":53}},"49":{"start":{"line":102,"column":8},"end":{"line":102,"column":55}},"50":{"start":{"line":103,"column":8},"end":{"line":103,"column":58}},"51":{"start":{"line":104,"column":8},"end":{"line":104,"column":53}},"52":{"start":{"line":105,"column":8},"end":{"line":105,"column":53}},"53":{"start":{"line":106,"column":8},"end":{"line":106,"column":53}},"54":{"start":{"line":107,"column":8},"end":{"line":107,"column":53}},"55":{"start":{"line":108,"column":8},"end":{"line":108,"column":53}},"56":{"start":{"line":109,"column":8},"end":{"line":109,"column":53}},"57":{"start":{"line":110,"column":8},"end":{"line":110,"column":53}},"58":{"start":{"line":111,"column":8},"end":{"line":111,"column":54}},"59":{"start":{"line":112,"column":8},"end":{"line":112,"column":53}},"60":{"start":{"line":113,"column":8},"end":{"line":113,"column":54}},"61":{"start":{"line":121,"column":1},"end":{"line":121,"column":25}}},"fnMap":{"0":{"name":"(anonymous_0)","decl":{"start":{"line":7,"column":4},"end":{"line":7,"column":5}},"loc":{"start":{"line":7,"column":61},"end":{"line":14,"column":5}},"line":7},"1":{"name":"(anonymous_1)","decl":{"start":{"line":16,"column":4},"end":{"line":16,"column":5}},"loc":{"start":{"line":16,"column":45},"end":{"line":31,"column":5}},"line":16},"2":{"name":"(anonymous_2)","decl":{"start":{"line":20,"column":23},"end":{"line":20,"column":24}},"loc":{"start":{"line":20,"column":33},"end":{"line":24,"column":9}},"line":20},"3":{"name":"(anonymous_3)","decl":{"start":{"line":33,"column":4},"end":{"line":33,"column":5}},"loc":{"start":{"line":33,"column":27},"end":{"line":39,"column":5}},"line":33},"4":{"name":"(anonymous_4)","decl":{"start":{"line":41,"column":4},"end":{"line":41,"column":5}},"loc":{"start":{"line":41,"column":24},"end":{"line":52,"column":5}},"line":41},"5":{"name":"(anonymous_5)","decl":{"start":{"line":54,"column":4},"end":{"line":54,"column":5}},"loc":{"start":{"line":54,"column":28},"end":{"line":61,"column":5}},"line":54},"6":{"name":"(anonymous_6)","decl":{"start":{"line":63,"column":4},"end":{"line":63,"column":5}},"loc":{"start":{"line":63,"column":38},"end":{"line":87,"column":5}},"line":63},"7":{"name":"(anonymous_7)","decl":{"start":{"line":89,"column":4},"end":{"line":89,"column":5}},"loc":{"start":{"line":89,"column":17},"end":{"line":96,"column":5}},"line":89},"8":{"name":"(anonymous_8)","decl":{"start":{"line":98,"column":4},"end":{"line":98,"column":5}},"loc":{"start":{"line":98,"column":24},"end":{"line":114,"column":5}},"line":98}},"branchMap":{"0":{"loc":{"start":{"line":21,"column":12},"end":{"line":23,"column":13}},"type":"if","locations":[{"start":{"line":21,"column":12},"end":{"line":23,"column":13}},{"start":{},"end":{}}],"line":21},"1":{"loc":{"start":{"line":21,"column":15},"end":{"line":21,"column":95}},"type":"binary-expr","locations":[{"start":{"line":21,"column":15},"end":{"line":21,"column":39}},{"start":{"line":21,"column":43},"end":{"line":21,"column":63}},{"start":{"line":21,"column":67},"end":{"line":21,"column":95}}],"line":21},"2":{"loc":{"start":{"line":26,"column":8},"end":{"line":30,"column":9}},"type":"if","locations":[{"start":{"line":26,"column":8},"end":{"line":30,"column":9}},{"start":{"line":28,"column":15},"end":{"line":30,"column":9}}],"line":26},"3":{"loc":{"start":{"line":34,"column":8},"end":{"line":38,"column":9}},"type":"if","locations":[{"start":{"line":34,"column":8},"end":{"line":38,"column":9}},{"start":{"line":36,"column":15},"end":{"line":38,"column":9}}],"line":34},"4":{"loc":{"start":{"line":42,"column":8},"end":{"line":51,"column":9}},"type":"if","locations":[{"start":{"line":42,"column":8},"end":{"line":51,"column":9}},{"start":{"line":49,"column":15},"end":{"line":51,"column":9}}],"line":42},"5":{"loc":{"start":{"line":43,"column":12},"end":{"line":48,"column":13}},"type":"if","locations":[{"start":{"line":43,"column":12},"end":{"line":48,"column":13}},{"start":{"line":46,"column":18},"end":{"line":48,"column":13}}],"line":43},"6":{"loc":{"start":{"line":55,"column":8},"end":{"line":60,"column":9}},"type":"if","locations":[{"start":{"line":55,"column":8},"end":{"line":60,"column":9}},{"start":{"line":58,"column":15},"end":{"line":60,"column":9}}],"line":55},"7":{"loc":{"start":{"line":68,"column":8},"end":{"line":70,"column":9}},"type":"if","locations":[{"start":{"line":68,"column":8},"end":{"line":70,"column":9}},{"start":{},"end":{}}],"line":68},"8":{"loc":{"start":{"line":68,"column":11},"end":{"line":68,"column":144}},"type":"binary-expr","locations":[{"start":{"line":68,"column":11},"end":{"line":68,"column":23}},{"start":{"line":68,"column":27},"end":{"line":68,"column":45}},{"start":{"line":68,"column":49},"end":{"line":68,"column":67}},{"start":{"line":68,"column":71},"end":{"line":68,"column":91}},{"start":{"line":68,"column":95},"end":{"line":68,"column":120}},{"start":{"line":68,"column":124},"end":{"line":68,"column":144}}],"line":68},"9":{"loc":{"start":{"line":75,"column":8},"end":{"line":77,"column":9}},"type":"if","locations":[{"start":{"line":75,"column":8},"end":{"line":77,"column":9}},{"start":{},"end":{}}],"line":75},"10":{"loc":{"start":{"line":81,"column":8},"end":{"line":86,"column":9}},"type":"if","locations":[{"start":{"line":81,"column":8},"end":{"line":86,"column":9}},{"start":{"line":84,"column":14},"end":{"line":86,"column":9}}],"line":81},"11":{"loc":{"start":{"line":90,"column":8},"end":{"line":95,"column":9}},"type":"if","locations":[{"start":{"line":90,"column":8},"end":{"line":95,"column":9}},{"start":{"line":93,"column":15},"end":{"line":95,"column":9}}],"line":90}},"s":{"0":3,"1":3,"2":40,"3":40,"4":40,"5":40,"6":40,"7":40,"8":9,"9":9,"10":9,"11":126,"12":7,"13":9,"14":7,"15":2,"16":2,"17":1,"18":1,"19":5,"20":4,"21":2,"22":2,"23":2,"24":1,"25":4,"26":3,"27":3,"28":1,"29":4,"30":4,"31":4,"32":1,"33":3,"34":3,"35":3,"36":1,"37":2,"38":2,"39":1,"40":1,"41":1,"42":2,"43":1,"44":1,"45":1,"46":1,"47":1,"48":1,"49":1,"50":1,"51":1,"52":1,"53":1,"54":1,"55":1,"56":1,"57":1,"58":1,"59":1,"60":1,"61":3},"f":{"0":40,"1":9,"2":126,"3":2,"4":5,"5":4,"6":4,"7":2,"8":1},"b":{"0":[7,119],"1":[126,9,8],"2":[7,2],"3":[1,1],"4":[4,1],"5":[2,2],"6":[3,1],"7":[1,3],"8":[4,4,3,3,3,3],"9":[1,2],"10":[1,1],"11":[1,1]},"_coverageSchema":"1a1c01bbd47fc00a2c39e90264f33305004495a9","hash":"e020557313c678cb7ffd2c60ebaec1159c59b8ac"}
,"/Users/gabriel/Documents/code/mtec-QTS/model/ContaCorrente.js": {"path":"/Users/gabriel/Documents/code/mtec-QTS/model/ContaCorrente.js","statementMap":{"0":{"start":{"line":1,"column":33},"end":{"line":1,"column":57}},"1":{"start":{"line":2,"column":16},"end":{"line":2,"column":37}},"2":{"start":{"line":5,"column":22},"end":{"line":5,"column":24}},"3":{"start":{"line":8,"column":8},"end":{"line":8,"column":53}},"4":{"start":{"line":9,"column":8},"end":{"line":9,"column":41}},"5":{"start":{"line":13,"column":9},"end":{"line":13,"column":37}},"6":{"start":{"line":17,"column":8},"end":{"line":17,"column":32}},"7":{"start":{"line":18,"column":26},"end":{"line":18,"column":43}},"8":{"start":{"line":20,"column":8},"end":{"line":20,"column":65}},"9":{"start":{"line":21,"column":8},"end":{"line":21,"column":64}},"10":{"start":{"line":22,"column":8},"end":{"line":22,"column":65}},"11":{"start":{"line":23,"column":8},"end":{"line":23,"column":65}},"12":{"start":{"line":24,"column":8},"end":{"line":24,"column":64}},"13":{"start":{"line":25,"column":8},"end":{"line":25,"column":64}},"14":{"start":{"line":26,"column":8},"end":{"line":26,"column":65}},"15":{"start":{"line":27,"column":8},"end":{"line":27,"column":65}},"16":{"start":{"line":28,"column":8},"end":{"line":28,"column":64}},"17":{"start":{"line":29,"column":8},"end":{"line":29,"column":65}},"18":{"start":{"line":30,"column":8},"end":{"line":30,"column":66}},"19":{"start":{"line":31,"column":8},"end":{"line":31,"column":66}},"20":{"start":{"line":32,"column":8},"end":{"line":32,"column":66}},"21":{"start":{"line":33,"column":8},"end":{"line":33,"column":66}},"22":{"start":{"line":34,"column":8},"end":{"line":34,"column":66}},"23":{"start":{"line":35,"column":8},"end":{"line":35,"column":65}},"24":{"start":{"line":36,"column":8},"end":{"line":36,"column":66}},"25":{"start":{"line":37,"column":8},"end":{"line":37,"column":66}},"26":{"start":{"line":38,"column":8},"end":{"line":38,"column":65}},"27":{"start":{"line":39,"column":8},"end":{"line":39,"column":66}},"28":{"start":{"line":44,"column":0},"end":{"line":44,"column":32}}},"fnMap":{"0":{"name":"(anonymous_0)","decl":{"start":{"line":7,"column":4},"end":{"line":7,"column":5}},"loc":{"start":{"line":7,"column":55},"end":{"line":10,"column":5}},"line":7},"1":{"name":"(anonymous_1)","decl":{"start":{"line":12,"column":4},"end":{"line":12,"column":5}},"loc":{"start":{"line":12,"column":16},"end":{"line":14,"column":5}},"line":12},"2":{"name":"(anonymous_2)","decl":{"start":{"line":16,"column":4},"end":{"line":16,"column":5}},"loc":{"start":{"line":16,"column":33},"end":{"line":41,"column":5}},"line":16}},"branchMap":{},"s":{"0":1,"1":1,"2":1,"3":20,"4":20,"5":1,"6":1,"7":1,"8":1,"9":1,"10":1,"11":1,"12":1,"13":1,"14":1,"15":1,"16":1,"17":1,"18":1,"19":1,"20":1,"21":1,"22":1,"23":1,"24":1,"25":1,"26":1,"27":1,"28":1},"f":{"0":20,"1":1,"2":1},"b":{},"_coverageSchema":"1a1c01bbd47fc00a2c39e90264f33305004495a9","hash":"cfac53c334fc67420a09a7384b67374370d0c94e"}
,"/Users/gabriel/Documents/code/mtec-QTS/model/ContaPoupanca.js": {"path":"/Users/gabriel/Documents/code/mtec-QTS/model/ContaPoupanca.js","statementMap":{"0":{"start":{"line":1,"column":20},"end":{"line":1,"column":43}},"1":{"start":{"line":2,"column":18},"end":{"line":2,"column":39}},"2":{"start":{"line":5,"column":28},"end":{"line":5,"column":30}},"3":{"start":{"line":8,"column":8},"end":{"line":8,"column":53}},"4":{"start":{"line":9,"column":8},"end":{"line":9,"column":47}},"5":{"start":{"line":14,"column":25},"end":{"line":14,"column":43}},"6":{"start":{"line":15,"column":8},"end":{"line":15,"column":32}},"7":{"start":{"line":16,"column":8},"end":{"line":16,"column":119}},"8":{"start":{"line":20,"column":8},"end":{"line":20,"column":32}},"9":{"start":{"line":21,"column":25},"end":{"line":21,"column":42}},"10":{"start":{"line":23,"column":8},"end":{"line":23,"column":62}},"11":{"start":{"line":24,"column":8},"end":{"line":24,"column":62}},"12":{"start":{"line":25,"column":8},"end":{"line":25,"column":63}},"13":{"start":{"line":26,"column":8},"end":{"line":26,"column":62}},"14":{"start":{"line":27,"column":8},"end":{"line":27,"column":63}},"15":{"start":{"line":31,"column":0},"end":{"line":31,"column":34}}},"fnMap":{"0":{"name":"(anonymous_0)","decl":{"start":{"line":7,"column":4},"end":{"line":7,"column":5}},"loc":{"start":{"line":7,"column":56},"end":{"line":10,"column":5}},"line":7},"1":{"name":"(anonymous_1)","decl":{"start":{"line":13,"column":4},"end":{"line":13,"column":5}},"loc":{"start":{"line":13,"column":18},"end":{"line":17,"column":5}},"line":13},"2":{"name":"(anonymous_2)","decl":{"start":{"line":19,"column":4},"end":{"line":19,"column":5}},"loc":{"start":{"line":19,"column":33},"end":{"line":28,"column":5}},"line":19}},"branchMap":{},"s":{"0":1,"1":1,"2":1,"3":5,"4":5,"5":1,"6":1,"7":1,"8":1,"9":1,"10":1,"11":1,"12":1,"13":1,"14":1,"15":1},"f":{"0":5,"1":1,"2":1},"b":{},"_coverageSchema":"1a1c01bbd47fc00a2c39e90264f33305004495a9","hash":"60e5363ee0a81c80e5a89c4170fb40f4a74428fe"}
,"/Users/gabriel/Documents/code/mtec-QTS/model/Titular.js": {"path":"/Users/gabriel/Documents/code/mtec-QTS/model/Titular.js","statementMap":{"0":{"start":{"line":2,"column":23},"end":{"line":2,"column":25}},"1":{"start":{"line":4,"column":8},"end":{"line":4,"column":24}},"2":{"start":{"line":5,"column":8},"end":{"line":5,"column":22}},"3":{"start":{"line":6,"column":8},"end":{"line":6,"column":32}},"4":{"start":{"line":7,"column":8},"end":{"line":7,"column":32}},"5":{"start":{"line":8,"column":8},"end":{"line":8,"column":26}},"6":{"start":{"line":9,"column":8},"end":{"line":9,"column":32}},"7":{"start":{"line":10,"column":8},"end":{"line":10,"column":36}},"8":{"start":{"line":14,"column":8},"end":{"line":14,"column":112}},"9":{"start":{"line":15,"column":8},"end":{"line":15,"column":104}},"10":{"start":{"line":16,"column":8},"end":{"line":16,"column":120}},"11":{"start":{"line":17,"column":8},"end":{"line":17,"column":112}},"12":{"start":{"line":18,"column":8},"end":{"line":18,"column":124}},"13":{"start":{"line":19,"column":8},"end":{"line":19,"column":126}},"14":{"start":{"line":20,"column":8},"end":{"line":20,"column":119}},"15":{"start":{"line":21,"column":8},"end":{"line":21,"column":126}},"16":{"start":{"line":22,"column":8},"end":{"line":22,"column":120}},"17":{"start":{"line":23,"column":8},"end":{"line":23,"column":116}},"18":{"start":{"line":24,"column":8},"end":{"line":24,"column":122}},"19":{"start":{"line":25,"column":8},"end":{"line":25,"column":116}},"20":{"start":{"line":26,"column":8},"end":{"line":26,"column":127}},"21":{"start":{"line":27,"column":8},"end":{"line":27,"column":125}},"22":{"start":{"line":28,"column":8},"end":{"line":28,"column":119}},"23":{"start":{"line":29,"column":8},"end":{"line":29,"column":123}},"24":{"start":{"line":30,"column":8},"end":{"line":30,"column":117}},"25":{"start":{"line":31,"column":8},"end":{"line":31,"column":123}},"26":{"start":{"line":32,"column":8},"end":{"line":32,"column":122}},"27":{"start":{"line":33,"column":8},"end":{"line":33,"column":121}},"28":{"start":{"line":40,"column":1},"end":{"line":40,"column":27}}},"fnMap":{"0":{"name":"(anonymous_0)","decl":{"start":{"line":3,"column":4},"end":{"line":3,"column":5}},"loc":{"start":{"line":3,"column":63},"end":{"line":11,"column":5}},"line":3},"1":{"name":"(anonymous_1)","decl":{"start":{"line":13,"column":4},"end":{"line":13,"column":5}},"loc":{"start":{"line":13,"column":27},"end":{"line":34,"column":5}},"line":13}},"branchMap":{},"s":{"0":4,"1":81,"2":81,"3":81,"4":81,"5":81,"6":81,"7":81,"8":4,"9":4,"10":4,"11":4,"12":4,"13":4,"14":4,"15":4,"16":4,"17":4,"18":4,"19":4,"20":4,"21":4,"22":4,"23":4,"24":4,"25":4,"26":4,"27":4,"28":4},"f":{"0":81,"1":4},"b":{},"_coverageSchema":"1a1c01bbd47fc00a2c39e90264f33305004495a9","hash":"2ed0bee4c9106e4e8b03d9a6e9867db14e7fe421"}
}
