TN:
SF:model/Conta.js
FN:7,(anonymous_0)
FN:16,(anonymous_1)
FN:20,(anonymous_2)
FN:33,(anonymous_3)
FN:41,(anonymous_4)
FN:54,(anonymous_5)
FN:63,(anonymous_6)
FN:89,(anonymous_7)
FN:98,(anonymous_8)
FNF:9
FNH:9
FNDA:40,(anonymous_0)
FNDA:9,(anonymous_1)
FNDA:126,(anonymous_2)
FNDA:2,(anonymous_3)
FNDA:5,(anonymous_4)
FNDA:4,(anonymous_5)
FNDA:4,(anonymous_6)
FNDA:2,(anonymous_7)
FNDA:1,(anonymous_8)
DA:3,3
DA:6,3
DA:8,40
DA:9,40
DA:10,40
DA:11,40
DA:12,40
DA:13,40
DA:17,9
DA:19,9
DA:20,9
DA:21,126
DA:22,7
DA:26,9
DA:27,7
DA:29,2
DA:34,2
DA:35,1
DA:37,1
DA:42,5
DA:43,4
DA:44,2
DA:45,2
DA:47,2
DA:50,1
DA:55,4
DA:56,3
DA:57,3
DA:59,1
DA:65,4
DA:66,4
DA:68,4
DA:69,1
DA:73,3
DA:74,3
DA:75,3
DA:76,1
DA:79,2
DA:81,2
DA:82,1
DA:83,1
DA:85,1
DA:90,2
DA:91,1
DA:92,1
DA:94,1
DA:99,1
DA:100,1
DA:101,1
DA:102,1
DA:103,1
DA:104,1
DA:105,1
DA:106,1
DA:107,1
DA:108,1
DA:109,1
DA:110,1
DA:111,1
DA:112,1
DA:113,1
DA:121,3
LF:62
LH:62
BRDA:21,0,0,7
BRDA:21,0,1,119
BRDA:21,1,0,126
BRDA:21,1,1,9
BRDA:21,1,2,8
BRDA:26,2,0,7
BRDA:26,2,1,2
BRDA:34,3,0,1
BRDA:34,3,1,1
BRDA:42,4,0,4
BRDA:42,4,1,1
BRDA:43,5,0,2
BRDA:43,5,1,2
BRDA:55,6,0,3
BRDA:55,6,1,1
BRDA:68,7,0,1
BRDA:68,7,1,3
BRDA:68,8,0,4
BRDA:68,8,1,4
BRDA:68,8,2,3
BRDA:68,8,3,3
BRDA:68,8,4,3
BRDA:68,8,5,3
BRDA:75,9,0,1
BRDA:75,9,1,2
BRDA:81,10,0,1
BRDA:81,10,1,1
BRDA:90,11,0,1
BRDA:90,11,1,1
BRF:29
BRH:29
end_of_record
TN:
SF:model/ContaCorrente.js
FN:7,(anonymous_0)
FN:12,(anonymous_1)
FN:16,(anonymous_2)
FNF:3
FNH:3
FNDA:20,(anonymous_0)
FNDA:1,(anonymous_1)
FNDA:1,(anonymous_2)
DA:1,1
DA:2,1
DA:5,1
DA:8,20
DA:9,20
DA:13,1
DA:17,1
DA:18,1
DA:20,1
DA:21,1
DA:22,1
DA:23,1
DA:24,1
DA:25,1
DA:26,1
DA:27,1
DA:28,1
DA:29,1
DA:30,1
DA:31,1
DA:32,1
DA:33,1
DA:34,1
DA:35,1
DA:36,1
DA:37,1
DA:38,1
DA:39,1
DA:44,1
LF:29
LH:29
BRF:0
BRH:0
end_of_record
TN:
SF:model/ContaPoupanca.js
FN:7,(anonymous_0)
FN:13,(anonymous_1)
FN:19,(anonymous_2)
FNF:3
FNH:3
FNDA:5,(anonymous_0)
FNDA:1,(anonymous_1)
FNDA:1,(anonymous_2)
DA:1,1
DA:2,1
DA:5,1
DA:8,5
DA:9,5
DA:14,1
DA:15,1
DA:16,1
DA:20,1
DA:21,1
DA:23,1
DA:24,1
DA:25,1
DA:26,1
DA:27,1
DA:31,1
LF:16
LH:16
BRF:0
BRH:0
end_of_record
TN:
SF:model/Titular.js
FN:3,(anonymous_0)
FN:13,(anonymous_1)
FNF:2
FNH:2
FNDA:81,(anonymous_0)
FNDA:4,(anonymous_1)
DA:2,4
DA:4,81
DA:5,81
DA:6,81
DA:7,81
DA:8,81
DA:9,81
DA:10,81
DA:14,4
DA:15,4
DA:16,4
DA:17,4
DA:18,4
DA:19,4
DA:20,4
DA:21,4
DA:22,4
DA:23,4
DA:24,4
DA:25,4
DA:26,4
DA:27,4
DA:28,4
DA:29,4
DA:30,4
DA:31,4
DA:32,4
DA:33,4
DA:40,4
LF:29
LH:29
BRF:0
BRH:0
end_of_record
